Determining if the pthread_create exist failed with the following output:
Change Dir: /home/d/Desktop/Kelo/divin_ws/build/catkin_tools_prebuild/CMakeFiles/CMakeTmp

Run Build Command:"/usr/bin/make" "cmTC_3055a/fast"
/usr/bin/make -f CMakeFiles/cmTC_3055a.dir/build.make CMakeFiles/cmTC_3055a.dir/build
make[1]: Entering directory '/home/d/Desktop/Kelo/divin_ws/build/catkin_tools_prebuild/CMakeFiles/CMakeTmp'
Building C object CMakeFiles/cmTC_3055a.dir/CheckSymbolExists.c.o
/usr/bin/cc     -o CMakeFiles/cmTC_3055a.dir/CheckSymbolExists.c.o   -c /home/d/Desktop/Kelo/divin_ws/build/catkin_tools_prebuild/CMakeFiles/CMakeTmp/CheckSymbolExists.c
Linking C executable cmTC_3055a
/usr/bin/cmake -E cmake_link_script CMakeFiles/cmTC_3055a.dir/link.txt --verbose=1
/usr/bin/cc       CMakeFiles/cmTC_3055a.dir/CheckSymbolExists.c.o  -o cmTC_3055a -rdynamic 
CMakeFiles/cmTC_3055a.dir/CheckSymbolExists.c.o: In function `main':
CheckSymbolExists.c:(.text+0x16): undefined reference to `pthread_create'
collect2: error: ld returned 1 exit status
CMakeFiles/cmTC_3055a.dir/build.make:97: recipe for target 'cmTC_3055a' failed
make[1]: *** [cmTC_3055a] Error 1
make[1]: Leaving directory '/home/d/Desktop/Kelo/divin_ws/build/catkin_tools_prebuild/CMakeFiles/CMakeTmp'
Makefile:126: recipe for target 'cmTC_3055a/fast' failed
make: *** [cmTC_3055a/fast] Error 2

File /home/d/Desktop/Kelo/divin_ws/build/catkin_tools_prebuild/CMakeFiles/CMakeTmp/CheckSymbolExists.c:
/* */
#include <pthread.h>

int main(int argc, char** argv)
{
  (void)argv;
#ifndef pthread_create
  return ((int*)(&pthread_create))[argc];
#else
  (void)argc;
  return 0;
#endif
}

Determining if the function pthread_create exists in the pthreads failed with the following output:
Change Dir: /home/d/Desktop/Kelo/divin_ws/build/catkin_tools_prebuild/CMakeFiles/CMakeTmp

Run Build Command:"/usr/bin/make" "cmTC_c3348/fast"
/usr/bin/make -f CMakeFiles/cmTC_c3348.dir/build.make CMakeFiles/cmTC_c3348.dir/build
make[1]: Entering directory '/home/d/Desktop/Kelo/divin_ws/build/catkin_tools_prebuild/CMakeFiles/CMakeTmp'
Building C object CMakeFiles/cmTC_c3348.dir/CheckFunctionExists.c.o
/usr/bin/cc    -DCHECK_FUNCTION_EXISTS=pthread_create   -o CMakeFiles/cmTC_c3348.dir/CheckFunctionExists.c.o   -c /usr/share/cmake-3.5/Modules/CheckFunctionExists.c
Linking C executable cmTC_c3348
/usr/bin/cmake -E cmake_link_script CMakeFiles/cmTC_c3348.dir/link.txt --verbose=1
/usr/bin/cc   -DCHECK_FUNCTION_EXISTS=pthread_create    CMakeFiles/cmTC_c3348.dir/CheckFunctionExists.c.o  -o cmTC_c3348 -rdynamic -lpthreads 
/usr/bin/ld: cannot find -lpthreads
collect2: error: ld returned 1 exit status
CMakeFiles/cmTC_c3348.dir/build.make:97: recipe for target 'cmTC_c3348' failed
make[1]: *** [cmTC_c3348] Error 1
make[1]: Leaving directory '/home/d/Desktop/Kelo/divin_ws/build/catkin_tools_prebuild/CMakeFiles/CMakeTmp'
Makefile:126: recipe for target 'cmTC_c3348/fast' failed
make: *** [cmTC_c3348/fast] Error 2


